<?xml version="1.0" encoding="UTF-8"?>
<testsuite name="slate.ota.OtaXferTest" tests="25" skipped="0" failures="0" errors="0" timestamp="2026-08-09T08:57:04.862Z" hostname="DAN01" time="0.026">
  <properties/>
  <testcase name="sender handles Yield NAK then continues on ACK()" classname="slate.ota.OtaXferTest" time="0.012"/>
  <testcase name="sender fails on HashFail NAK()" classname="slate.ota.OtaXferTest" time="0.0"/>
  <testcase name="sender handles resume via offset rewind on ACK()" classname="slate.ota.OtaXferTest" time="0.0"/>
  <testcase name="sender Credit message updates creditBytes and returns SendChunks when active()" classname="slate.ota.OtaXferTest" time="0.001"/>
  <testcase name="decode unknown opcode returns Unknown()" classname="slate.ota.OtaXferTest" time="0.0"/>
  <testcase name="sendable accounts for credit and image remaining()" classname="slate.ota.OtaXferTest" time="0.0"/>
  <testcase name="decode NAK Yield()" classname="slate.ota.OtaXferTest" time="0.0"/>
  <testcase name="decode ACK extracts id and received()" classname="slate.ota.OtaXferTest" time="0.001"/>
  <testcase name="encodeChunk with fromIndex and length()" classname="slate.ota.OtaXferTest" time="0.0"/>
  <testcase name="sender fails on LowBattery NAK()" classname="slate.ota.OtaXferTest" time="0.0"/>
  <testcase name="NakReason roundtrip for all defined codes()" classname="slate.ota.OtaXferTest" time="0.0"/>
  <testcase name="encodeAbort is single byte()" classname="slate.ota.OtaXferTest" time="0.0"/>
  <testcase name="sender fails on wrong ACK id()" classname="slate.ota.OtaXferTest" time="0.0"/>
  <testcase name="NakReason unknown code maps to BadMessage()" classname="slate.ota.OtaXferTest" time="0.0"/>
  <testcase name="encodeChunk correct header plus data()" classname="slate.ota.OtaXferTest" time="0.0"/>
  <testcase name="decode truncated ACK returns Unknown()" classname="slate.ota.OtaXferTest" time="0.0"/>
  <testcase name="sender happy path produces SendChunks then SendCommit()" classname="slate.ota.OtaXferTest" time="0.002"/>
  <testcase name="decode CREDIT extracts creditBytes()" classname="slate.ota.OtaXferTest" time="0.0"/>
  <testcase name="decode empty returns null()" classname="slate.ota.OtaXferTest" time="0.001"/>
  <testcase name="encodeChunk rejects oversized payload()" classname="slate.ota.OtaXferTest" time="0.0"/>
  <testcase name="encodeBegin produces 43 bytes with correct opcode and fields()" classname="slate.ota.OtaXferTest" time="0.0"/>
  <testcase name="encodeBegin fails with wrong sha256 length()" classname="slate.ota.OtaXferTest" time="0.0"/>
  <testcase name="decode NAK LowBattery()" classname="slate.ota.OtaXferTest" time="0.0"/>
  <testcase name="decode truncated CREDIT returns Unknown()" classname="slate.ota.OtaXferTest" time="0.001"/>
  <testcase name="encodeCommit is 3 bytes with id()" classname="slate.ota.OtaXferTest" time="0.0"/>
  <system-out><![CDATA[]]></system-out>
  <system-err><![CDATA[]]></system-err>
</testsuite>
