<?xml version="1.0" encoding="UTF-8"?>
<testsuite name="slate.frame.SdpFrameTest" tests="4" skipped="0" failures="0" errors="0" timestamp="2026-08-04T18:43:54.770Z" hostname="DAN01" time="0.005">
  <properties/>
  <testcase name="singleFragmentMessageAbortsInFlightReassembly()" classname="slate.frame.SdpFrameTest" time="0.004"/>
  <testcase name="firstOnOtherChannelAbortsInFlightReassembly()" classname="slate.frame.SdpFrameTest" time="0.001"/>
  <testcase name="multiFragmentIncludesLengthOnFirst()" classname="slate.frame.SdpFrameTest" time="0.0"/>
  <testcase name="singleFragmentRoundTripShape()" classname="slate.frame.SdpFrameTest" time="0.0"/>
  <system-out><![CDATA[]]></system-out>
  <system-err><![CDATA[]]></system-err>
</testsuite>
