<?xml version="1.0" encoding="UTF-8"?>
<testsuite name="slate.map.MapFixtureTest" tests="9" skipped="0" failures="0" errors="0" timestamp="2026-08-09T08:57:04.089Z" hostname="DAN01" time="0.423">
  <properties/>
  <testcase name="coastlineParsesAndOutranksOrdinaryRoads()" classname="slate.map.MapFixtureTest" time="0.044"/>
  <testcase name="malformedResponsesDegradeToNothing()" classname="slate.map.MapFixtureTest" time="0.004"/>
  <testcase name="buildingsParseAndRankBelowEveryRoad()" classname="slate.map.MapFixtureTest" time="0.072"/>
  <testcase name="realOverpassOutputParses()" classname="slate.map.MapFixtureTest" time="0.023"/>
  <testcase name="realDataRendersInsideBudgetAtEveryRadius()" classname="slate.map.MapFixtureTest" time="0.054"/>
  <testcase name="everyViewerOffsetStillProducesAnAcceptedList()" classname="slate.map.MapFixtureTest" time="0.139"/>
  <testcase name="buildingsAreNearlyAllDrawnAtTheRadiusTheyAreFetchedAt()" classname="slate.map.MapFixtureTest" time="0.057"/>
  <testcase name="coastlineSurvivesRenderingAtEveryRadius()" classname="slate.map.MapFixtureTest" time="0.015"/>
  <testcase name="renderingIsDeterministic()" classname="slate.map.MapFixtureTest" time="0.011"/>
  <system-out><![CDATA[]]></system-out>
  <system-err><![CDATA[]]></system-err>
</testsuite>
