<?xml version="1.0" encoding="UTF-8"?>
<testsuite name="slate.script.BundledSubAppConformanceTest" tests="6" skipped="0" failures="0" errors="0" timestamp="2026-08-09T08:57:04.968Z" hostname="DAN01" time="0.283">
  <properties/>
  <testcase name="changedSettingsReachAnAlreadyRunningApp()" classname="slate.script.BundledSubAppConformanceTest" time="0.178"/>
  <testcase name="everyBundledAppFocusesAndHandlesBack()" classname="slate.script.BundledSubAppConformanceTest" time="0.084"/>
  <testcase name="everyBundledManifestParses()" classname="slate.script.BundledSubAppConformanceTest" time="0.002"/>
  <testcase name="settingsImplyStoragePermission()" classname="slate.script.BundledSubAppConformanceTest" time="0.012"/>
  <testcase name="declaredDefaultsSurviveSanitise()" classname="slate.script.BundledSubAppConformanceTest" time="0.002"/>
  <testcase name="everyBundledEntryScriptLoads()" classname="slate.script.BundledSubAppConformanceTest" time="0.003"/>
  <system-out><![CDATA[]]></system-out>
  <system-err><![CDATA[]]></system-err>
</testsuite>
