<?xml version="1.0" encoding="UTF-8"?>
<testsuite name="slate.link.LinkContentionLogicTest" tests="6" skipped="0" failures="0" errors="0" timestamp="2026-08-07T13:12:27.664Z" hostname="DAN01" time="0.007">
  <properties/>
  <testcase name="foreignWhenConnectFailsWhileBonded()" classname="slate.link.LinkContentionLogicTest" time="0.006"/>
  <testcase name="clearWhenUnknownAdvAndNoGatt()" classname="slate.link.LinkContentionLogicTest" time="0.0"/>
  <testcase name="clearWhenWeHoldLink()" classname="slate.link.LinkContentionLogicTest" time="0.0"/>
  <testcase name="foreignWhenBondedNotAdvertising()" classname="slate.link.LinkContentionLogicTest" time="0.0"/>
  <testcase name="clearWhenAdvertisingSeen()" classname="slate.link.LinkContentionLogicTest" time="0.0"/>
  <testcase name="heldOnThisPhoneWhenGattElsewhere()" classname="slate.link.LinkContentionLogicTest" time="0.0"/>
  <system-out><![CDATA[]]></system-out>
  <system-err><![CDATA[]]></system-err>
</testsuite>
