<?xml version="1.0" encoding="UTF-8"?>
<testsuite name="slate.frame.SdpWriteQueueTest" tests="7" skipped="0" failures="0" errors="0" timestamp="2026-08-10T06:08:21.919Z" hostname="DAN01" time="0.061">
  <properties/>
  <testcase name="concurrentEnqueuesNeverInterleave()" classname="slate.frame.SdpWriteQueueTest" time="0.05"/>
  <testcase name="clearDropsPacketsButKeepsSequence()" classname="slate.frame.SdpWriteQueueTest" time="0.001"/>
  <testcase name="perChannelSequencesMatchChannelSeqBehaviour()" classname="slate.frame.SdpWriteQueueTest" time="0.0"/>
  <testcase name="requeueFrontRestoresPacket()" classname="slate.frame.SdpWriteQueueTest" time="0.0"/>
  <testcase name="displayJumpsAheadOfQueuedSystem()" classname="slate.frame.SdpWriteQueueTest" time="0.0"/>
  <testcase name="endsMessageMarksOnlyTheFinalFragment()" classname="slate.frame.SdpWriteQueueTest" time="0.005"/>
  <testcase name="sequentialMessagesStayContiguous()" classname="slate.frame.SdpWriteQueueTest" time="0.0"/>
  <system-out><![CDATA[]]></system-out>
  <system-err><![CDATA[]]></system-err>
</testsuite>
