<?xml version="1.0" encoding="UTF-8"?>
<testsuite name="slate.golden.GoldenRenderTests" tests="4" skipped="0" failures="0" errors="0" timestamp="2026-07-27T12:23:01" hostname="DAN01" time="0.091">
  <properties/>
  <testcase name="clockFace_pngMatchesGolden()" classname="slate.golden.GoldenRenderTests" time="0.069"/>
  <testcase name="clearBlack_pngMatchesGolden()" classname="slate.golden.GoldenRenderTests" time="0.013"/>
  <testcase name="clockFace_bytesMatchGolden()" classname="slate.golden.GoldenRenderTests" time="0.0"/>
  <testcase name="m4Example_dslBuildsAndRenders()" classname="slate.golden.GoldenRenderTests" time="0.007"/>
  <system-out><![CDATA[]]></system-out>
  <system-err><![CDATA[]]></system-err>
</testsuite>
