<?xml version="1.0" encoding="UTF-8"?>
<testsuite name="slate.map.OverpassQueryTest" tests="7" skipped="0" failures="0" errors="0" timestamp="2026-08-07T13:12:28.549Z" hostname="DAN01" time="0.059">
  <properties/>
  <testcase name="theThresholdIsReachableFromTheDeclaredSettingRange()" classname="slate.map.OverpassQueryTest" time="0.003"/>
  <testcase name="buildingsAreRequestedAtEveryRadiusTheThresholdAllows()" classname="slate.map.OverpassQueryTest" time="0.035"/>
  <testcase name="roadsWaterAndRailAreAlwaysRequested()" classname="slate.map.OverpassQueryTest" time="0.0"/>
  <testcase name="buildingsAreNotRequestedAboveTheThreshold()" classname="slate.map.OverpassQueryTest" time="0.001"/>
  <testcase name="coastlineIsRequestedAtEveryRadius()" classname="slate.map.OverpassQueryTest" time="0.0"/>
  <testcase name="everyQueryIsWellFormedOverpassQl()" classname="slate.map.OverpassQueryTest" time="0.017"/>
  <testcase name="theQueryAsksForTheFetchRadiusNotTheViewRadius()" classname="slate.map.OverpassQueryTest" time="0.0"/>
  <system-out><![CDATA[]]></system-out>
  <system-err><![CDATA[]]></system-err>
</testsuite>
