<?xml version="1.0" encoding="UTF-8"?>
<testsuite name="slate.script.LocationBindingTest" tests="6" skipped="0" failures="0" errors="0" timestamp="2026-08-09T08:57:05.314Z" hostname="DAN01" time="0.091">
  <properties/>
  <testcase name="locationCommandPassesWithPermission()" classname="slate.script.LocationBindingTest" time="0.015"/>
  <testcase name="terminalStatusClearsAnyFixOnScreen()" classname="slate.script.LocationBindingTest" time="0.018"/>
  <testcase name="everyEmittedCommandIsOneTheHostHandles()" classname="slate.script.LocationBindingTest" time="0.013"/>
  <testcase name="fixWithoutCoordinatesIsRejected()" classname="slate.script.LocationBindingTest" time="0.014"/>
  <testcase name="worstCaseScreenIsWithinBudget()" classname="slate.script.LocationBindingTest" time="0.019"/>
  <testcase name="locationCommandIsDroppedWithoutPermission()" classname="slate.script.LocationBindingTest" time="0.01"/>
  <system-out><![CDATA[]]></system-out>
  <system-err><![CDATA[]]></system-err>
</testsuite>
