<?xml version="1.0" encoding="UTF-8"?>
<testsuite name="slate.repo.IndexAndSigningTest" tests="2" skipped="0" failures="0" errors="0" timestamp="2026-07-27T19:03:02.849Z" hostname="DAN01" time="0.097">
  <properties/>
  <testcase name="ed25519RoundTripAndSha256Package()" classname="slate.repo.IndexAndSigningTest" time="0.072"/>
  <testcase name="packageZipRoundTrip()" classname="slate.repo.IndexAndSigningTest" time="0.025"/>
  <system-out><![CDATA[]]></system-out>
  <system-err><![CDATA[]]></system-err>
</testsuite>
