<?xml version="1.0" encoding="UTF-8"?>
<testsuite name="slate.input.InputEventDecoderTest" tests="7" skipped="0" failures="0" errors="0" timestamp="2026-08-09T08:57:04.067Z" hostname="DAN01" time="0.005">
  <properties/>
  <testcase name="truncatedReturnsNull()" classname="slate.input.InputEventDecoderTest" time="0.001"/>
  <testcase name="tap()" classname="slate.input.InputEventDecoderTest" time="0.001"/>
  <testcase name="swipe()" classname="slate.input.InputEventDecoderTest" time="0.0"/>
  <testcase name="edgeSwipe()" classname="slate.input.InputEventDecoderTest" time="0.0"/>
  <testcase name="multiTap()" classname="slate.input.InputEventDecoderTest" time="0.0"/>
  <testcase name="touchDownUp()" classname="slate.input.InputEventDecoderTest" time="0.001"/>
  <testcase name="backAndSessionEnd()" classname="slate.input.InputEventDecoderTest" time="0.001"/>
  <system-out><![CDATA[]]></system-out>
  <system-err><![CDATA[]]></system-err>
</testsuite>
