<?xml version="1.0" encoding="UTF-8"?>
<testsuite name="slate.session.ConfirmStatusTest" tests="5" skipped="0" failures="0" errors="0" timestamp="2026-08-07T13:12:29.357Z" hostname="DAN01" time="0.014">
  <properties/>
  <testcase name="encodeRequestIsSingleByte()" classname="slate.session.ConfirmStatusTest" time="0.003"/>
  <testcase name="parseRejectsShortOrWrongOp()" classname="slate.session.ConfirmStatusTest" time="0.0"/>
  <testcase name="sessionClientStoresConfirmStatus()" classname="slate.session.ConfirmStatusTest" time="0.011"/>
  <testcase name="parseTrialCountdown()" classname="slate.session.ConfirmStatusTest" time="0.0"/>
  <testcase name="parseConfirmed()" classname="slate.session.ConfirmStatusTest" time="0.0"/>
  <system-out><![CDATA[]]></system-out>
  <system-err><![CDATA[]]></system-err>
</testsuite>
