<?xml version="1.0" encoding="UTF-8"?>
<testsuite name="slate.ota.SealedDfuPreflightTest" tests="4" skipped="0" failures="0" errors="0" timestamp="2026-08-09T08:57:04.888Z" hostname="DAN01" time="0.013">
  <properties/>
  <testcase name="nordicDfuPlusVersion()" classname="slate.ota.SealedDfuPreflightTest" time="0.01"/>
  <testcase name="pinedfuBlocked()" classname="slate.ota.SealedDfuPreflightTest" time="0.002"/>
  <testcase name="slateUsesOta()" classname="slate.ota.SealedDfuPreflightTest" time="0.0"/>
  <testcase name="infinitimeByName()" classname="slate.ota.SealedDfuPreflightTest" time="0.0"/>
  <system-out><![CDATA[]]></system-out>
  <system-err><![CDATA[]]></system-err>
</testsuite>
