<?xml version="1.0" encoding="UTF-8"?>
<testsuite name="slate.repo.ManifestParserTest" tests="5" skipped="0" failures="0" errors="0" timestamp="2026-07-27T19:03:02.948Z" hostname="DAN01" time="0.004">
  <properties/>
  <testcase name="rejectsUnknownRequiredCapability()" classname="slate.repo.ManifestParserTest" time="0.001"/>
  <testcase name="rejectsMissingRequired()" classname="slate.repo.ManifestParserTest" time="0.001"/>
  <testcase name="rejectsUnknownPermission()" classname="slate.repo.ManifestParserTest" time="0.001"/>
  <testcase name="acceptsValidManifest()" classname="slate.repo.ManifestParserTest" time="0.0"/>
  <testcase name="rejectsHttpWithoutHosts()" classname="slate.repo.ManifestParserTest" time="0.0"/>
  <system-out><![CDATA[]]></system-out>
  <system-err><![CDATA[]]></system-err>
</testsuite>
