<?xml version="1.0" encoding="UTF-8"?>
<testsuite name="slate.session.WatchSettingsTest" tests="11" skipped="0" failures="0" errors="0" timestamp="2026-08-10T08:17:54.392Z" hostname="DAN01" time="0.037">
  <properties/>
  <testcase name="decodeRejectsFutureWireVersion()" classname="slate.session.WatchSettingsTest" time="0.025"/>
  <testcase name="decodeRejectsShortBuffer()" classname="slate.session.WatchSettingsTest" time="0.0"/>
  <testcase name="encodeMatchesFirmwareGoldenDefaults()" classname="slate.session.WatchSettingsTest" time="0.003"/>
  <testcase name="conflictWatchWins()" classname="slate.session.WatchSettingsTest" time="0.001"/>
  <testcase name="decodesWhatTheFirmwareEncodes()" classname="slate.session.WatchSettingsTest" time="0.001"/>
  <testcase name="encodeMatchesFirmwareGoldenMixed()" classname="slate.session.WatchSettingsTest" time="0.0"/>
  <testcase name="encodeMatchesFirmwareGoldenEverythingOff()" classname="slate.session.WatchSettingsTest" time="0.001"/>
  <testcase name="nextRevisionIsLamport()" classname="slate.session.WatchSettingsTest" time="0.0"/>
  <testcase name="differsIgnoresRevision()" classname="slate.session.WatchSettingsTest" time="0.001"/>
  <testcase name="encodeMatchesFirmwareGoldenHighRevision()" classname="slate.session.WatchSettingsTest" time="0.0"/>
  <testcase name="decodeRejectsWrongOpcode()" classname="slate.session.WatchSettingsTest" time="0.001"/>
  <system-out><![CDATA[]]></system-out>
  <system-err><![CDATA[]]></system-err>
</testsuite>
