<?xml version="1.0" encoding="UTF-8"?>
<testsuite name="slate.nav.NavManeuverTest" tests="3" skipped="0" failures="0" errors="0" timestamp="2026-08-09T08:57:04.851Z" hostname="DAN01" time="0.005">
  <properties/>
  <testcase name="lostGpsKeepsTurn()" classname="slate.nav.NavManeuverTest" time="0.002"/>
  <testcase name="disconnectedMarksStatus()" classname="slate.nav.NavManeuverTest" time="0.001"/>
  <testcase name="jsonIncludesTypeAndStatus()" classname="slate.nav.NavManeuverTest" time="0.001"/>
  <system-out><![CDATA[]]></system-out>
  <system-err><![CDATA[]]></system-err>
</testsuite>
