<?xml version="1.0" encoding="UTF-8"?>
<testsuite name="slate.app.repo.ZipIntakeTest" tests="4" skipped="0" failures="0" errors="0" timestamp="2026-08-10T01:28:16.041Z" hostname="DAN01" time="0.007">
  <properties/>
  <testcase name="dfuFromImageFilenameWithoutParsingManifest" classname="slate.app.repo.ZipIntakeTest" time="0.005"/>
  <testcase name="subAppFromSlatePackageKeys" classname="slate.app.repo.ZipIntakeTest" time="0.0"/>
  <testcase name="unknownWhenNeitherShape" classname="slate.app.repo.ZipIntakeTest" time="0.002"/>
  <testcase name="dfuFromNestedManifest" classname="slate.app.repo.ZipIntakeTest" time="0.0"/>
  <system-out><![CDATA[]]></system-out>
  <system-err><![CDATA[]]></system-err>
</testsuite>
