Start testing: Aug 09 14:10 Mauritius Standard Time
----------------------------------------------------------
1/22 Testing: hit_test
1/22 Test: hit_test
Command: "C:/Users/highj/Documents/Projects/EvoTime/build/host-tests/test_hit_test.exe"
Directory: C:/Users/highj/Documents/Projects/EvoTime/build/host-tests
"hit_test" start time: Aug 09 14:10 Mauritius Standard Time
Output:
----------------------------------------------------------
PASS empty list
PASS inside
PASS outside
PASS edge exclusive max
PASS edge inclusive min
PASS zero-w skipped
PASS zero-h skipped
PASS zero both skipped
PASS valid after zeros
PASS overlap centre = topmost
PASS overlap mid layer
PASS overlap base only
PASS zero does not win
PASS base still visible
all hit-test checks passed
<end of output>
Test time =   0.01 sec
----------------------------------------------------------
Test Passed.
"hit_test" end time: Aug 09 14:10 Mauritius Standard Time
"hit_test" time elapsed: 00:00:00
----------------------------------------------------------

2/22 Testing: sdp_parser
2/22 Test: sdp_parser
Command: "C:/Users/highj/Documents/Projects/EvoTime/build/host-tests/test_sdp_parser.exe"
Directory: C:/Users/highj/Documents/Projects/EvoTime/build/host-tests
"sdp_parser" start time: Aug 09 14:10 Mauritius Standard Time
Output:
----------------------------------------------------------
PASS scroll: row past 240 accepted inside region
PASS scroll: row ending exactly at content_h
PASS scroll: row past content_h rejected
PASS scroll: bound resets after CLIP_CLEAR
PASS no scroll region: off-screen rect still rejected
PASS CLEAR+COMMIT
PASS saw commit
PASS SET_PALETTE+RECT
PASS shapes+clip
PASS TEXT+TEXT_BOX
PASS ICON+IMAGE
PASS progress+elem+scroll
PASS patch+haptic+bl+retain
PASS retain ttl
PASS EXT skip unknown
PASS TEXT_SCALED ok
PASS TEXT_SCALED drawn once
PASS TEXT_SCALED scale
PASS TEXT_SCALED len
PASS TEXT_SCALED align
PASS TEXT_SCALED scale 0
PASS TEXT_SCALED scale over max
PASS TEXT_SCALED trailing fields skipped
PASS TEXT_SCALED still drawn with padding
PASS TEXT_SCALED length under-declared
PASS trunc COLOR
PASS coord 240
PASS STYLE mode 3
PASS COLOR tag 0x11
PASS bad align
PASS oversized string
PASS 513 ops
PASS >4KB
PASS EXT past EOF
PASS END without BEGIN
PASS unset palette
PASS bad font id
PASS COMMIT with open elem
all sdp parser checks passed
<end of output>
Test time =   0.02 sec
----------------------------------------------------------
Test Passed.
"sdp_parser" end time: Aug 09 14:10 Mauritius Standard Time
"sdp_parser" time elapsed: 00:00:00
----------------------------------------------------------

3/22 Testing: settings_sync
3/22 Test: settings_sync
Command: "C:/Users/highj/Documents/Projects/EvoTime/build/host-tests/test_settings_sync.exe"
Directory: C:/Users/highj/Documents/Projects/EvoTime/build/host-tests
"settings_sync" start time: Aug 09 14:10 Mauritius Standard Time
Output:
----------------------------------------------------------
ok   encodes the documented length
ok   carries the SETTINGS_SYNC opcode
ok   carries the wire version
ok   decodes
ok   revision survives
ok   tilt survives
ok   wake_seconds survives
ok   show steps survives
ok   short buffer rejected
ok   wrong opcode rejected
ok   future wire version rejected
ok   newer revision applies
ok   older revision does not
ok   equal revision, equal content: no apply
ok   and not the other way either
ok   the watch keeps its own on a tie
ok   the phone yields on a tie
ok   exactly one side yields — no ping-pong, no stalemate
ok   a local edit moves past what was seen
ok   an edit after seeing a remote update outranks it
ok   the later edit wins regardless of which device made it
ok   saturates at the top
ok   still saturates from the other side
ok   synced fields land
ok   tilt_sensitivity untouched
ok   magic untouched
ok   from() captures the synced fields
all settings-sync tests passed
<end of output>
Test time =   0.01 sec
----------------------------------------------------------
Test Passed.
"settings_sync" end time: Aug 09 14:10 Mauritius Standard Time
"settings_sync" time elapsed: 00:00:00
----------------------------------------------------------

4/22 Testing: bma42x
4/22 Test: bma42x
Command: "C:/Users/highj/Documents/Projects/EvoTime/build/host-tests/test_bma42x.exe"
Directory: C:/Users/highj/Documents/Projects/EvoTime/build/host-tests
"bma42x" start time: Aug 09 14:10 Mauritius Standard Time
Output:
----------------------------------------------------------
ok   chip detected as BMA425
ok   fixture starts with the enable bit clear
ok   the enable bit is set in the real feature block
ok   driver agrees the counter is on
ok   the rest of the feature config is unharmed
ok   the driver does not claim the counter is on
ok   so read_steps stays honest
ok   accel read succeeds
ok   watch x is the chip's y
ok   watch y is the chip's x
ok   z is unchanged
ok   1 g reads as 1024
ok   -1 g reads as -1024
ok   the whole stream was written, not one chunk repeatedly
ok   and it landed byte for byte
all bma42x tests passed
<end of output>
Test time =   0.01 sec
----------------------------------------------------------
Test Passed.
"bma42x" end time: Aug 09 14:10 Mauritius Standard Time
"bma42x" time elapsed: 00:00:00
----------------------------------------------------------

5/22 Testing: raise_wake
5/22 Test: raise_wake
Command: "C:/Users/highj/Documents/Projects/EvoTime/build/host-tests/test_raise_wake.exe"
Directory: C:/Users/highj/Documents/Projects/EvoTime/build/host-tests
"raise_wake" start time: Aug 09 14:10 Mauritius Standard Time
Output:
----------------------------------------------------------
ok   asin(0) == 0
ok   asin(full) == 90
ok   asin(-full) == -90
ok   asin(0.5) ~ 30
ok   asin(0.707) ~ 45
ok   asin is odd
ok   asin clamps above full scale
ok   asin clamps below full scale
ok   arm hanging still does not wake
ok   raise gesture wakes
ok   no orientation wakes while still
ok   agitation does not wake
ok   x-axis rejection holds
ok   cold start cannot wake
ok   reset re-arms the fill guard
ok   mean is the newest window
ok   prev mean is the oldest window
all raise-wake tests passed
<end of output>
Test time =   0.02 sec
----------------------------------------------------------
Test Passed.
"raise_wake" end time: Aug 09 14:10 Mauritius Standard Time
"raise_wake" time elapsed: 00:00:00
----------------------------------------------------------

6/22 Testing: band_push_tiles
6/22 Test: band_push_tiles
Command: "C:/Users/highj/Documents/Projects/EvoTime/build/host-tests/test_band_push_tiles.exe"
Directory: C:/Users/highj/Documents/Projects/EvoTime/build/host-tests
"band_push_tiles" start time: Aug 09 14:10 Mauritius Standard Time
Output:
----------------------------------------------------------
PASS band list is accepted
  band y=56..96 -> 5 of 30 tiles flushed, 0 of them all-black
PASS tiles covering the band are written
PASS a band push does not blank tiles outside the band
PASS a full-screen CLEAR reaches all 30 tiles
all band-push tile tests passed
<end of output>
Test time =   0.01 sec
----------------------------------------------------------
Test Passed.
"band_push_tiles" end time: Aug 09 14:10 Mauritius Standard Time
"band_push_tiles" time elapsed: 00:00:00
----------------------------------------------------------

7/22 Testing: renderer_cull
7/22 Test: renderer_cull
Command: "C:/Users/highj/Documents/Projects/EvoTime/build/host-tests/test_renderer_cull.exe"
Directory: C:/Users/highj/Documents/Projects/EvoTime/build/host-tests
"renderer_cull" start time: Aug 09 14:10 Mauritius Standard Time
Output:
----------------------------------------------------------
PASS full-screen fill paints all 30 tiles
PASS single-tile rect lands only in its tile
PASS rect straddling a tile boundary is exact
PASS blit source rows stay aligned across tiles
PASS unfiltered draw still writes row 0
all renderer culling tests passed
<end of output>
Test time =   0.01 sec
----------------------------------------------------------
Test Passed.
"renderer_cull" end time: Aug 09 14:10 Mauritius Standard Time
"renderer_cull" time elapsed: 00:00:00
----------------------------------------------------------

8/22 Testing: uuids
8/22 Test: uuids
Command: "C:/Users/highj/Documents/Projects/EvoTime/build/host-tests/test_uuids.exe"
Directory: C:/Users/highj/Documents/Projects/EvoTime/build/host-tests
"uuids" start time: Aug 09 14:10 Mauritius Standard Time
Output:
----------------------------------------------------------
PASS kService = e979acfb-c338-0000-a962-e96e4cf078f3
PASS kRx = e979acfb-c338-0001-a962-e96e4cf078f3
PASS kTx = e979acfb-c338-0002-a962-e96e4cf078f3
PASS kStatus = e979acfb-c338-0003-a962-e96e4cf078f3
PASS kRx shares the service base
PASS kTx shares the service base
PASS kStatus shares the service base
all uuid tests passed
<end of output>
Test time =   0.01 sec
----------------------------------------------------------
Test Passed.
"uuids" end time: Aug 09 14:10 Mauritius Standard Time
"uuids" time elapsed: 00:00:00
----------------------------------------------------------

9/22 Testing: sdp_frame
9/22 Test: sdp_frame
Command: "C:/Users/highj/Documents/Projects/EvoTime/build/host-tests/test_sdp_frame.exe"
Directory: C:/Users/highj/Documents/Projects/EvoTime/build/host-tests
"sdp_frame" start time: Aug 09 14:10 Mauritius Standard Time
Output:
----------------------------------------------------------
PASS frag single
PASS one pkt
PASS seq advanced
PASS status Ok
PASS len
PASS bytes
PASS frag multi
PASS >=2 pkts
PASS first has len
PASS total len
PASS reassembled Ok
PASS reassembled len
PASS payload match
PASS frag at 255
PASS wrapped to 0
PASS pkt seq byte
PASS frag wrap multi
PASS multi pkts
PASS first seq 254
PASS second seq 255
PASS wrap reasm Ok
PASS need >=2
PASS first NeedMore
PASS corrupt seq Dropped
PASS trunc Dropped
PASS first no len Dropped
PASS oversize Dropped
PASS diag reject
PASS drop
PASS resync Ok
PASS byte
PASS make_pkts frag
PASS make_pkts frag
PASS interleave >=2 pkts
PASS A first NeedMore
PASS B first NeedMore
PASS A preempt counted
PASS B Ok
PASS B channel
PASS B uncontaminated
PASS A leftover Dropped
PASS make_pkts frag
PASS A resync Ok
PASS A resync bytes
PASS make_pkts frag
PASS make_pkts frag
PASS A over B Ok
PASS A channel
PASS A uncontaminated
PASS B preempt counted
PASS make_pkts frag
PASS make_pkts frag
PASS ctl single pkt
PASS ctl Ok
PASS ctl bytes
PASS multi preempt counted
PASS A after ctl Dropped
PASS make_pkts frag
PASS reserved reject
PASS no preempt on reject
PASS A survives reserved
PASS A bytes intact
all framing tests passed
<end of output>
Test time =   0.01 sec
----------------------------------------------------------
Test Passed.
"sdp_frame" end time: Aug 09 14:10 Mauritius Standard Time
"sdp_frame" time elapsed: 00:00:00
----------------------------------------------------------

10/22 Testing: ble_app_inbox
10/22 Test: ble_app_inbox
Command: "C:/Users/highj/Documents/Projects/EvoTime/build/host-tests/test_ble_app_inbox.exe"
Directory: C:/Users/highj/Documents/Projects/EvoTime/build/host-tests
"ble_app_inbox" start time: Aug 09 14:10 Mauritius Standard Time
Output:
----------------------------------------------------------
PASS inbox <= 16 B
  inbox_storage_bytes=16 (zero-copy: pointer + metadata)
PASS fragment ok
PASS busy multi >=2
PASS first frag counted
PASS drain a
PASS a delivered intact
PASS no phantom message
PASS fragment ok
PASS fresh delivered
PASS fresh byte
PASS fragment ok
PASS no handler on host ingest
PASS no apply on host ingest
PASS inbox busy after host push
PASS drain delivers
PASS handler on app drain
PASS apply on app drain
PASS channel display
PASS payload preserved
PASS inbox free after drain
PASS second drain empty
PASS fragment ok
PASS handoff drops 0
PASS fragment ok
PASS handoff drops 1
PASS drain first only
PASS still first payload len
PASS first byte
PASS fragment ok
PASS got control
PASS fragment ok
PASS got display after
PASS fragment ok
PASS wake once
PASS fragment ok
PASS no wake on drop
PASS fragment ok
PASS still no host apply
PASS fragment ok
PASS still no host apply
PASS fragment ok
PASS still no host apply
PASS fragment ok
PASS still no host apply
PASS fragment ok
PASS still no host apply
PASS fragment ok
PASS still no host apply
PASS fragment ok
PASS still no host apply
PASS fragment ok
PASS still no host apply
PASS all applies on app
PASS zero host applies
PASS local paints
PASS no paint under host apply
PASS no host handler
all ble_app_inbox / handoff tests passed
<end of output>
Test time =   0.01 sec
----------------------------------------------------------
Test Passed.
"ble_app_inbox" end time: Aug 09 14:10 Mauritius Standard Time
"ble_app_inbox" time elapsed: 00:00:00
----------------------------------------------------------

11/22 Testing: ble_gap_adv_policy
11/22 Test: ble_gap_adv_policy
Command: "C:/Users/highj/Documents/Projects/EvoTime/build/host-tests/test_ble_gap_adv_policy.exe"
Directory: C:/Users/highj/Documents/Projects/EvoTime/build/host-tests
"ble_gap_adv_policy" start time: Aug 09 14:10 Mauritius Standard Time
Output:
----------------------------------------------------------
PASS connect ok: no resume
PASS connect fail: resume
PASS connect fail neg: resume
PASS disconnect: resume
PASS other: no resume
all passed
<end of output>
Test time =   0.01 sec
----------------------------------------------------------
Test Passed.
"ble_gap_adv_policy" end time: Aug 09 14:10 Mauritius Standard Time
"ble_gap_adv_policy" time elapsed: 00:00:00
----------------------------------------------------------

12/22 Testing: sdp_diag
12/22 Test: sdp_diag
Command: "C:/Users/highj/Documents/Projects/EvoTime/build/host-tests/test_sdp_diag.exe"
Directory: C:/Users/highj/Documents/Projects/EvoTime/build/host-tests
"sdp_diag" start time: Aug 09 14:10 Mauritius Standard Time
Output:
----------------------------------------------------------
PASS rtt loopbacks
PASS rtt len
PASS rtt op
PASS rtt token
PASS rtt stamp
PASS thru active
PASS thru done
PASS thru op
PASS thru bytes
PASS thru kbps_x100
PASS render op
PASS parse_us
PASS render_us
PASS mbuf op
PASS mbuf peak
PASS mbuf count
PASS peak used
PASS free now
all diag bench tests passed
<end of output>
Test time =   0.01 sec
----------------------------------------------------------
Test Passed.
"sdp_diag" end time: Aug 09 14:10 Mauritius Standard Time
"sdp_diag" time elapsed: 00:00:00
----------------------------------------------------------

13/22 Testing: session
13/22 Test: session
Command: "C:/Users/highj/Documents/Projects/EvoTime/build/host-tests/test_session.exe"
Directory: C:/Users/highj/Documents/Projects/EvoTime/build/host-tests
"session" start time: Aug 09 14:10 Mauritius Standard Time
Output:
----------------------------------------------------------
PASS clean: Connected
PASS clean: HELLO_OFFER sent
PASS clean: Ready
PASS clean: profile active
PASS clean: depth 0
PASS clean: Active
PASS clean: depth 1
PASS clean: applied
PASS nego fail: still Connected
PASS nego fail: unknown profile
PASS nego fail: no apply
PASS loss: Active before
PASS loss: Disconnected
PASS loss: depth cleared
PASS loss: watch face
PASS same: first not same_phone
PASS same: Connected again
PASS same: Ready
PASS same: same_phone flag
PASS same: depth fresh
PASS same: ambient profile
PASS diff: Ready
PASS diff: not same phone
PASS diff: depth 0
PASS diff: streaming
PASS diff: no leaked screens
PASS hb: stale
PASS hb: Idle
PASS hb: clear stale
PASS hb: Active again
PASS hb: popped to Ready
PASS hb: depth 0
PASS hb: SESSION_END sent
PASS wrap: not stale after 1.5s
PASS wrap: still Active
PASS wrap: depth kept
PASS wrap: stale at 4 misses across u32
PASS wrap: depth still 1
PASS wrap: no TIMEOUT pop yet
PASS dwell: not yet
PASS dwell: met across wrap
PASS dwell: old-wrap pair is huge elapsed (why mono_ms must not emit it)
PASS prof: NACK
PASS prof: still active
PASS prof: ambient
PASS offer: non-empty
PASS offer: op
PASS offer: profile_count
PASS golden: length
PASS golden: bytes
PASS golden: within worst-case bound
  hello_offer golden (84 B): 01000B000100F000F000FE070F00030003000100030003000000000000000000000000000000000003000010030007616D6269656E740090010106616374697665371800020973747265616D696E67460C000001
PASS overflow: full encode ok
PASS overflow: cap-1 rejected
PASS overflow: cap 0 rejected
PASS overflow: null out rejected
all session tests passed
<end of output>
Test time =   0.01 sec
----------------------------------------------------------
Test Passed.
"session" end time: Aug 09 14:10 Mauritius Standard Time
"session" time elapsed: 00:00:00
----------------------------------------------------------

14/22 Testing: local_core
14/22 Test: local_core
Command: "C:/Users/highj/Documents/Projects/EvoTime/build/host-tests/test_local_core.exe"
Directory: C:/Users/highj/Documents/Projects/EvoTime/build/host-tests
"local_core" start time: Aug 09 14:10 Mauritius Standard Time
Output:
----------------------------------------------------------
ok   local State <= 3KB
ok   local block == 3KB
ok   notif store <= 4KB
  local State=152 block=3072 budget=3072
  notif Store=2564 budget=4096
ok   synced
ok   unix at sync
ok   unix +1000
ok   drift updated
ok   persist reload synced
ok   persist drift kept
ok   upsert
ok   count 1
ok   title
ok   when
ok   stale
ok   remove
ok   empty
ok   add alarm
ok   alarm fires
ok   alarm once/day
ok   timer
ok   timer not yet
ok   timer fires
ok   face list
ok   alert screen
ok   haptic on alert
ok   settings screen drawn
ok   three touchable rows on screen
ok   row centre hits its own element
ok   the tap is consumed by the watch
ok   raise row toggles raise-to-wake
ok   row centre hits its own element
ok   the tap is consumed by the watch
ok   timeout row changes the timeout
ok   row centre hits its own element
ok   the tap is consumed by the watch
ok   steps row toggles the step display
ok   a miss is not consumed
ok   no setting changes off the settings screen
ok   watch edits advance the revision
ok   edits are marked for sending
ok   revision survives the reboot
ok   a stale phone copy is rejected
ok   watch settings unchanged
ok   a newer phone copy applies
ok   the next watch edit outranks the phone's
ok   timeout is bounded
ok   default display timeout is 20 s
ok   awake shortly after boot
ok   awake just before the timeout
ok   asleep at the timeout
ok   panel put to sleep
ok   backlight off
ok   no repaint while asleep
ok   awake after wake_display
ok   panel woken
ok   backlight on
ok   repaint requested on wake
ok   first paint after wake actually draws
ok   activity keeps the watch awake
ok   sleeps again once activity stops
ok   timeout 0 disables sleep
ok   never sleeps with the timeout disabled
all local-core tests passed
<end of output>
Test time =   0.01 sec
----------------------------------------------------------
Test Passed.
"local_core" end time: Aug 09 14:10 Mauritius Standard Time
"local_core" time elapsed: 00:00:00
----------------------------------------------------------

15/22 Testing: battery
15/22 Test: battery
Command: "C:/Users/highj/Documents/Projects/EvoTime/build/host-tests/test_battery.exe"
Directory: C:/Users/highj/Documents/Projects/EvoTime/build/host-tests
"battery" start time: Aug 09 14:10 Mauritius Standard Time
Output:
----------------------------------------------------------
ok   unknown: !valid
ok   unknown: percent FF
ok   unknown: !percent_valid
ok   curve 3500→0
ok   curve 3616→3
ok   curve 3723→22
ok   curve 3776→48
ok   curve 3979→79
ok   curve 4180→100
ok   curve below→0
ok   curve above→100
ok   curve mid 3500-3616
ok   clamp charging 100→99
ok   no clamp when not charging
ok   full reads 100
ok   plugged only up
ok   plugged allow up
ok   unplugged only down
ok   unplugged allow down
ok   first sample
ok   full on charger holds
ok   sample valid
ok   first reading ~48
ok   hysteresis holds while discharging
ok   charging clamp 99
ok   charge complete reads 100
ok   full flag set
ok   full flag clears on unplug
ok   discharging falls
all passed
<end of output>
Test time =   0.01 sec
----------------------------------------------------------
Test Passed.
"battery" end time: Aug 09 14:10 Mauritius Standard Time
"battery" time elapsed: 00:00:00
----------------------------------------------------------

16/22 Testing: local_ui
16/22 Test: local_ui
Command: "C:/Users/highj/Documents/Projects/EvoTime/build/host-tests/test_local_ui.exe"
Directory: C:/Users/highj/Documents/Projects/EvoTime/build/host-tests
"local_ui" start time: Aug 09 14:10 Mauritius Standard Time
Output:
----------------------------------------------------------
ok   disconnected non-empty
ok   disconnected parse
ok   disconnected uses TEXT_SCALED x4
ok   disconnected no unscaled TEXT
ok   disconnected text is font 1 (5x7)
ok   alert non-empty
ok   alert no TEXT
ok   alert TEXT_SCALED x2
ok   alert parse
ok   settings non-empty
ok   settings parse
ok   settings TEXT_SCALED x7
ok   settings no TEXT
ok   three touchable rows
ok   raise row carries its id
ok   timeout row carries its id
ok   steps row carries its id
ok   timeout=0 screen parses
ok   timeout 0 renders as Off
ok   notifs empty ok
ok   notifs empty no TEXT
ok   notifs empty scaled x2
ok   notifs empty parse
  notifs 6-stale bytes=296 scaled=20
ok   notifs fits 512
ok   notifs no TEXT
ok   notifs TEXT_SCALED count
ok   notifs parse
all passed
<end of output>
Test time =   0.01 sec
----------------------------------------------------------
Test Passed.
"local_ui" end time: Aug 09 14:10 Mauritius Standard Time
"local_ui" time elapsed: 00:00:00
----------------------------------------------------------

17/22 Testing: assets
17/22 Test: assets
Command: "C:/Users/highj/Documents/Projects/EvoTime/build/host-tests/test_assets.exe"
Directory: C:/Users/highj/Documents/Projects/EvoTime/tests/host/../..
"assets" start time: Aug 09 14:10 Mauritius Standard Time
Output:
----------------------------------------------------------
ok   open core.slap
ok   read pack
ok   parse ok
ok   has font0
  glyph cache hit rate = 100.00%
ok   hit rate >= 95%
ok   cache within 6KB
ok   skip unknown
ok   skip unknown
ok   xfer active
ok   received all
ok   commit done
ok   pack replaced
all asset tests passed
<end of output>
Test time =   0.01 sec
----------------------------------------------------------
Test Passed.
"assets" end time: Aug 09 14:10 Mauritius Standard Time
"assets" time elapsed: 00:00:00
----------------------------------------------------------

18/22 Testing: ota_xfer
18/22 Test: ota_xfer
Command: "C:/Users/highj/Documents/Projects/EvoTime/build/host-tests/test_ota_xfer.exe"
Directory: C:/Users/highj/Documents/Projects/EvoTime/build/host-tests
"ota_xfer" start time: Aug 09 14:10 Mauritius Standard Time
Output:
----------------------------------------------------------
test_ota_xfer: OK
<end of output>
Test time =   0.02 sec
----------------------------------------------------------
Test Passed.
"ota_xfer" end time: Aug 09 14:10 Mauritius Standard Time
"ota_xfer" time elapsed: 00:00:00
----------------------------------------------------------

19/22 Testing: wdt_hold
19/22 Test: wdt_hold
Command: "C:/Users/highj/Documents/Projects/EvoTime/build/host-tests/test_wdt_hold.exe"
Directory: C:/Users/highj/Documents/Projects/EvoTime/build/host-tests
"wdt_hold" start time: Aug 09 14:10 Mauritius Standard Time
Output:
----------------------------------------------------------
OK: wdt_hold
<end of output>
Test time =   0.01 sec
----------------------------------------------------------
Test Passed.
"wdt_hold" end time: Aug 09 14:10 Mauritius Standard Time
"wdt_hold" time elapsed: 00:00:00
----------------------------------------------------------

20/22 Testing: wdt_app_pet
20/22 Test: wdt_app_pet
Command: "C:/Users/highj/Documents/Projects/EvoTime/build/host-tests/test_wdt_app_pet.exe"
Directory: C:/Users/highj/Documents/Projects/EvoTime/build/host-tests
"wdt_app_pet" start time: Aug 09 14:10 Mauritius Standard Time
Output:
----------------------------------------------------------
OK: wdt_app_pet
<end of output>
Test time =   0.01 sec
----------------------------------------------------------
Test Passed.
"wdt_app_pet" end time: Aug 09 14:10 Mauritius Standard Time
"wdt_app_pet" time elapsed: 00:00:00
----------------------------------------------------------

21/22 Testing: motor
21/22 Test: motor
Command: "C:/Users/highj/Documents/Projects/EvoTime/build/host-tests/test_motor.exe"
Directory: C:/Users/highj/Documents/Projects/EvoTime/build/host-tests
"motor" start time: Aug 09 14:10 Mauritius Standard Time
Output:
----------------------------------------------------------
ok   terminal action leaves motor off
ok   TICK finishes
ok   TICK is one step
ok   TICK drives the motor on
ok   TICK is 20 ms
ok   terminal action leaves motor off
ok   DOUBLE finishes
ok   DOUBLE is three steps
ok   DOUBLE pulse 1 on 25 ms
ok   DOUBLE gap is off for 40 ms
ok   DOUBLE pulse 2 on 25 ms
ok   DOUBLE runs the motor for 50 ms
ok   terminal action leaves motor off
ok   pattern terminates
ok   pattern does something
ok   pattern starts by driving the motor
ok   terminal action leaves motor off
ok   pattern terminates
ok   pattern does something
ok   pattern starts by driving the motor
ok   terminal action leaves motor off
ok   pattern terminates
ok   pattern does something
ok   pattern starts by driving the motor
ok   terminal action leaves motor off
ok   pattern terminates
ok   pattern does something
ok   pattern starts by driving the motor
ok   terminal action leaves motor off
ok   pattern terminates
ok   pattern does something
ok   pattern starts by driving the motor
ok   terminal action leaves motor off
ok   unknown pattern terminates
ok   DOUBLE begins active
ok   cancel clears active
ok   expire after cancel does not re-arm
ok   idle expire is inert
ok   zero-length pulse arms nothing
ok   zero-length pulse leaves the sequencer idle
ok   zero pulses arms nothing
ok   gapless repeat starts
ok   gapless repeat is a single pulse
all motor tests passed
<end of output>
Test time =   0.01 sec
----------------------------------------------------------
Test Passed.
"motor" end time: Aug 09 14:10 Mauritius Standard Time
"motor" time elapsed: 00:00:00
----------------------------------------------------------

22/22 Testing: spi_timeout
22/22 Test: spi_timeout
Command: "C:/Users/highj/Documents/Projects/EvoTime/build/host-tests/test_spi_timeout.exe"
Directory: C:/Users/highj/Documents/Projects/EvoTime/build/host-tests
"spi_timeout" start time: Aug 09 14:10 Mauritius Standard Time
Output:
----------------------------------------------------------
OK: spi_timeout
<end of output>
Test time =   0.01 sec
----------------------------------------------------------
Test Passed.
"spi_timeout" end time: Aug 09 14:10 Mauritius Standard Time
"spi_timeout" time elapsed: 00:00:00
----------------------------------------------------------

End testing: Aug 09 14:10 Mauritius Standard Time
